2025-11-21 16:57:19,416 - __main__ - INFO - Приложение завершено
2025-11-28 05:40:28,776 - database - INFO - Database initialized successfully
2025-11-28 05:40:31,153 - __main__ - INFO - Приложение успешно запущено
2025-11-28 05:40:41,281 - ui.main_window - INFO - Открыто окно настроек
2025-11-28 05:40:51,260 - ui.main_window - ERROR - Ошибка применения настроек: name 'QFont' is not defined
2025-11-28 05:40:52,495 - ui.settings_window - INFO - Настройки применены
2025-11-28 05:41:01,529 - ui.main_window - ERROR - Ошибка применения настроек: name 'QFont' is not defined
2025-11-28 05:41:02,599 - ui.settings_window - INFO - Настройки применены
2025-11-28 05:41:04,913 - ui.main_window - ERROR - Ошибка применения настроек: name 'QFont' is not defined
2025-11-28 05:41:05,919 - ui.settings_window - INFO - Настройки применены
2025-11-28 05:41:06,993 - ui.main_window - ERROR - Ошибка применения настроек: name 'QFont' is not defined
2025-11-28 05:41:08,078 - ui.settings_window - INFO - Настройки применены
2025-11-28 05:41:08,081 - ui.main_window - INFO - Открыто окно настроек
2025-11-28 05:41:12,544 - database - INFO - Task added with ID: 11
2025-11-28 05:41:12,547 - ui.main_window - INFO - Воспроизведен звук уведомления
2025-11-28 05:41:12,547 - ui.main_window - INFO - Новая задача добавлена
2025-11-28 05:41:13,197 - ui.main_window - INFO - Левый клик мыши по списку задач
2025-11-28 05:41:14,731 - database - INFO - Task 11 deleted
2025-11-28 05:41:14,733 - ui.main_window - INFO - Задача '421' удалена
2025-11-28 05:41:20,886 - ui.main_window - INFO - Открыто окно настроек
2025-11-28 05:41:25,962 - ui.main_window - ERROR - Ошибка применения настроек: name 'QFont' is not defined
2025-11-28 05:41:26,678 - ui.settings_window - INFO - Настройки применены
2025-11-28 05:41:26,681 - ui.main_window - INFO - Открыто окно настроек
2025-11-28 05:55:40,807 - ui.main_window - INFO - Открыто окно настроек
2025-11-28 05:55:41,481 - __main__ - INFO - Приложение завершено
2025-11-28 05:59:09,690 - database - INFO - Database initialized successfully
2025-11-28 05:59:11,937 - __main__ - INFO - Приложение успешно запущено
2025-11-28 05:59:13,758 - __main__ - CRITICAL - Необработанное исключение:
Traceback (most recent call last):
  File "C:\Users\Hoxwan\PycharmProjects\smart-todo-app\src\ui\main_window.py", line 572, in open_settings
    from .settings_dialog import SettingsWindow
ImportError: cannot import name 'SettingsWindow' from 'ui.settings_dialog' (C:\Users\Hoxwan\PycharmProjects\smart-todo-app\src\ui\settings_dialog.py)
2025-11-28 05:59:16,305 - __main__ - INFO - Приложение завершено
2025-11-28 06:01:01,267 - database - INFO - Database initialized successfully
2025-11-28 06:01:03,527 - __main__ - INFO - Приложение успешно запущено
2025-11-28 06:01:07,377 - ui.main_window - INFO - Открыто окно настроек
2025-11-28 06:01:08,338 - __main__ - INFO - Приложение завершено
2025-11-28 06:38:20,993 - database - INFO - Database initialized successfully
2025-11-28 06:38:20,999 - ui.main_window - ERROR - Ошибка применения настроек: name 'QFont' is not defined
2025-11-28 06:38:23,040 - __main__ - INFO - Приложение успешно запущено
2025-11-28 06:38:30,945 - ui.main_window - ERROR - Ошибка применения настроек: name 'QFont' is not defined
2025-11-28 06:38:31,916 - ui.settings_window - INFO - Настройки применены
2025-11-28 06:38:31,919 - ui.main_window - INFO - Открыто окно настроек
2025-11-28 06:38:36,454 - database - INFO - Task added with ID: 12
2025-11-28 06:38:36,456 - ui.main_window - INFO - Воспроизведен звук уведомления
2025-11-28 06:38:36,456 - ui.main_window - INFO - Новая задача добавлена
2025-11-28 06:38:40,394 - database - INFO - Task 12 deleted
2025-11-28 06:38:40,396 - ui.main_window - INFO - Задача '4' удалена
2025-11-28 06:38:43,615 - database - INFO - Task added with ID: 13
2025-11-28 06:38:43,618 - ui.main_window - INFO - Воспроизведен звук уведомления
2025-11-28 06:38:43,618 - ui.main_window - INFO - Новая задача добавлена
2025-11-28 06:38:48,677 - database - INFO - Task 13 updated
2025-11-28 06:38:48,681 - ui.main_window - INFO - Задача '4' завершена
2025-11-28 06:38:48,681 - ui.main_window - INFO - Открыто контекстное меню
2025-11-28 06:39:30,431 - ui.main_window - ERROR - Ошибка применения настроек: name 'QFont' is not defined
2025-11-28 06:39:31,452 - ui.settings_window - INFO - Настройки применены
2025-11-28 06:39:31,455 - ui.main_window - INFO - Открыто окно настроек
2025-11-28 06:39:40,001 - ui.main_window - ERROR - Ошибка применения настроек: name 'QFont' is not defined
2025-11-28 06:39:42,396 - ui.settings_window - INFO - Настройки применены
2025-11-28 06:39:42,399 - ui.main_window - INFO - Открыто окно настроек
2025-11-28 06:39:45,872 - ui.main_window - ERROR - Ошибка применения настроек: name 'QFont' is not defined
2025-11-28 06:39:47,004 - ui.settings_window - INFO - Настройки применены
2025-11-28 06:39:47,008 - ui.main_window - INFO - Открыто окно настроек
2025-11-28 06:39:57,649 - database - INFO - Task 13 deleted
2025-11-28 06:39:57,654 - ui.main_window - INFO - Задача '4' удалена
2025-11-28 06:40:00,591 - database - INFO - Task added with ID: 14
2025-11-28 06:40:00,593 - ui.main_window - INFO - Воспроизведен звук уведомления
2025-11-28 06:40:00,593 - ui.main_window - INFO - Новая задача добавлена
2025-11-28 06:40:05,789 - ui.main_window - ERROR - Ошибка применения настроек: name 'QFont' is not defined
2025-11-28 06:40:07,069 - ui.settings_window - INFO - Настройки применены
2025-11-28 06:40:07,071 - ui.main_window - INFO - Открыто окно настроек
2025-11-28 06:40:13,505 - ui.main_window - ERROR - Ошибка применения настроек: name 'QFont' is not defined
2025-11-28 06:40:14,508 - ui.settings_window - INFO - Настройки применены
2025-11-28 06:40:15,603 - ui.main_window - INFO - Открыто окно настроек
2025-11-28 06:40:17,051 - database - INFO - Task 14 deleted
2025-11-28 06:40:17,053 - ui.main_window - INFO - Задача '4234' удалена
2025-11-28 06:40:29,792 - ui.settings_window - INFO - Тестовый звук воспроизведен
2025-11-28 06:40:30,311 - ui.settings_window - INFO - Тестовый звук воспроизведен
2025-11-28 06:40:30,853 - ui.settings_window - INFO - Тестовый звук воспроизведен
2025-11-28 06:40:31,187 - ui.settings_window - INFO - Тестовый звук воспроизведен
2025-11-28 06:40:31,390 - ui.settings_window - INFO - Тестовый звук воспроизведен
2025-11-28 06:40:33,357 - ui.settings_window - INFO - Тестовый звук воспроизведен
2025-11-28 06:40:33,917 - ui.settings_window - INFO - Тестовый звук воспроизведен
2025-11-28 06:40:34,118 - ui.settings_window - INFO - Тестовый звук воспроизведен
2025-11-28 06:40:34,309 - ui.settings_window - INFO - Тестовый звук воспроизведен
2025-11-28 06:40:34,564 - ui.settings_window - INFO - Тестовый звук воспроизведен
2025-11-28 06:40:34,652 - ui.settings_window - INFO - Тестовый звук воспроизведен
2025-11-28 06:40:35,068 - ui.settings_window - INFO - Тестовый звук воспроизведен
2025-11-28 06:40:35,489 - ui.settings_window - INFO - Тестовый звук воспроизведен
2025-11-28 06:40:35,798 - ui.settings_window - INFO - Тестовый звук воспроизведен
2025-11-28 06:40:37,101 - ui.settings_window - INFO - Тестовый звук воспроизведен
2025-11-28 06:40:37,717 - ui.settings_window - INFO - Тестовый звук воспроизведен
2025-11-28 06:40:38,171 - ui.settings_window - INFO - Тестовый звук воспроизведен
2025-11-28 06:40:38,419 - ui.settings_window - INFO - Тестовый звук воспроизведен
2025-11-28 06:40:38,628 - ui.settings_window - INFO - Тестовый звук воспроизведен
2025-11-28 06:40:38,830 - ui.settings_window - INFO - Тестовый звук воспроизведен
2025-11-28 06:40:39,003 - ui.settings_window - INFO - Тестовый звук воспроизведен
2025-11-28 06:40:41,060 - ui.main_window - INFO - Открыто окно настроек
2025-11-28 06:40:57,958 - ui.main_window - INFO - Открыто окно настроек
2025-11-28 06:42:25,195 - __main__ - INFO - Приложение завершено
